<?xml version="1.0" encoding="UTF-8"?>
<!-- Generated by org.testng.reporters.JUnitReportReporter -->
<testsuite hostname="LAPTOP-T25EG9UR" failures="0" tests="3" name="TestLayer.YourCartPageTest" time="0.085" errors="0" timestamp="2023-12-22T18:35:06 IST" skipped="0">
  <testcase classname="TestLayer.YourCartPageTest" name="validateYourCartPageTitle" time="0.010"/>
  <system-out/>
  <testcase classname="TestLayer.YourCartPageTest" name="validateYourCartPageUrl" time="0.010"/>
  <system-out/>
  <testcase classname="TestLayer.YourCartPageTest" name="validateClickOnCheckoutPage" time="0.065"/>
  <system-out/>
</testsuite> <!-- TestLayer.YourCartPageTest -->
