<?xml version="1.0" encoding="UTF-8"?>
<!-- Generated by org.testng.reporters.JUnitReportReporter -->
<testsuite hostname="LAPTOP-T25EG9UR" failures="0" tests="3" name="TestLayer.HomePageTest" time="0.259" errors="0" timestamp="2023-12-22T18:35:06 IST" skipped="0">
  <testcase classname="TestLayer.HomePageTest" name="validateHomePageTitle" time="0.027"/>
  <system-out/>
  <testcase classname="TestLayer.HomePageTest" name="validateHomePageUrl" time="0.014"/>
  <system-out/>
  <testcase classname="TestLayer.HomePageTest" name="validateAddProductToCart" time="0.218"/>
  <system-out/>
</testsuite> <!-- TestLayer.HomePageTest -->
