<?xml version="1.0" encoding="UTF-8"?>
<!-- Generated by org.testng.reporters.JUnitReportReporter -->
<testsuite hostname="LAPTOP-T25EG9UR" failures="0" tests="2" name="TestLayer.OverViewPageTest" time="0.075" errors="0" timestamp="2023-12-22T18:35:07 IST" skipped="0">
  <testcase classname="TestLayer.OverViewPageTest" name="validategetOverviewPageUrl" time="0.011"/>
  <system-out/>
  <testcase classname="TestLayer.OverViewPageTest" name="validateOverViewPageFunctionality" time="0.064"/>
  <system-out/>
</testsuite> <!-- TestLayer.OverViewPageTest -->
