<?xml version="1.0" encoding="UTF-8"?>
<!-- Generated by org.testng.reporters.JUnitReportReporter -->
<testsuite hostname="LAPTOP-T25EG9UR" failures="0" tests="2" name="TestLayer.YourInfoPageTest" time="0.494" errors="0" timestamp="2023-12-22T18:35:07 IST" skipped="0">
  <testcase classname="TestLayer.YourInfoPageTest" name="validateYourInfoPagetitle" time="0.018"/>
  <system-out/>
  <testcase classname="TestLayer.YourInfoPageTest" name="ValidateYourInfoPageFunctionality" time="0.476"/>
  <system-out/>
</testsuite> <!-- TestLayer.YourInfoPageTest -->
